{
  "RSpec": {
    "coverage": {
      "/Users/student/Google Drive/Coding/Makers/Week4/Bookmark-Manager/app.rb": [
        1,
        1,
        1,
        1,
        1,
        1,
        1,
        1,
        null,
        1,
        1,
        1,
        null,
        1,
        1,
        null,
        null,
        1,
        18,
        18,
        18,
        null,
        null,
        1,
        2,
        2,
        null,
        null,
        1,
        2,
        null,
        null,
        1,
        1,
        1,
        null,
        null,
        1,
        1,
        1,
        null,
        null,
        1,
        1,
        1,
        null,
        null,
        1,
        1,
        1,
        null,
        null,
        1,
        1,
        1,
        null,
        null,
        1,
        3,
        3,
        null,
        null,
        1,
        3,
        3,
        3,
        null,
        null,
        1,
        1,
        1,
        null,
        null,
        1,
        1,
        null,
        null,
        1,
        1,
        1,
        1,
        null,
        null,
        1,
        6,
        null,
        null,
        1,
        4,
        null,
        4,
        2,
        2,
        null,
        2,
        2,
        null,
        null,
        null,
        1,
        1,
        1,
        1,
        null,
        null,
        null,
        1,
        null,
        null
      ],
      "/Users/student/Google Drive/Coding/Makers/Week4/Bookmark-Manager/lib/bookmark.rb": [
        1,
        1,
        1,
        1,
        null,
        1,
        null,
        1,
        21,
        21,
        23,
        null,
        null,
        null,
        null,
        null,
        null,
        null,
        1,
        26,
        null,
        24,
        24,
        null,
        null,
        null,
        null,
        null,
        null,
        1,
        2,
        null,
        null,
        1,
        2,
        2,
        null,
        null,
        null,
        null,
        null,
        null,
        1,
        2,
        2,
        null,
        null,
        null,
        null,
        null,
        null,
        1,
        22,
        null,
        null,
        1,
        25,
        null,
        null,
        1,
        1,
        1,
        2,
        null,
        null,
        null,
        1,
        null,
        1,
        53,
        53,
        53,
        null,
        null,
        1,
        null,
        1,
        26,
        null,
        null,
        null
      ],
      "/Users/student/Google Drive/Coding/Makers/Week4/Bookmark-Manager/lib/database_connection.rb": [
        1,
        null,
        1,
        1,
        4,
        null,
        null,
        1,
        1,
        null,
        null,
        1,
        154,
        null,
        null
      ],
      "/Users/student/Google Drive/Coding/Makers/Week4/Bookmark-Manager/lib/comment.rb": [
        1,
        null,
        1,
        2,
        2,
        null,
        null,
        null,
        null,
        null,
        null,
        1,
        20,
        20,
        1,
        null,
        null,
        null,
        null,
        null,
        null,
        null,
        1,
        null,
        1,
        3,
        3,
        3,
        null,
        null,
        null
      ],
      "/Users/student/Google Drive/Coding/Makers/Week4/Bookmark-Manager/lib/tag.rb": [
        1,
        null,
        1,
        1,
        11,
        11,
        9,
        null,
        11,
        null,
        null,
        1,
        25,
        25,
        10,
        null,
        null,
        null,
        1,
        2,
        2,
        null,
        null,
        1,
        null,
        1,
        23,
        23,
        null,
        null,
        1,
        2,
        null,
        null
      ],
      "/Users/student/Google Drive/Coding/Makers/Week4/Bookmark-Manager/lib/database_connection_setup.rb": [
        1,
        null,
        1,
        1,
        null,
        0,
        null
      ],
      "/Users/student/Google Drive/Coding/Makers/Week4/Bookmark-Manager/lib/bookmark_tag.rb": [
        1,
        null,
        1,
        1,
        6,
        6,
        null,
        null,
        1,
        null,
        1,
        6,
        6,
        null,
        null
      ],
      "/Users/student/Google Drive/Coding/Makers/Week4/Bookmark-Manager/lib/user.rb": [
        null,
        1,
        1,
        null,
        1,
        1,
        null,
        11,
        null,
        null,
        11,
        null,
        11,
        null,
        null,
        1,
        20,
        null,
        4,
        4,
        null,
        null,
        null,
        null,
        null,
        1,
        7,
        7,
        5,
        null,
        3,
        null,
        null,
        1,
        null,
        1,
        18,
        18,
        null,
        null
      ],
      "/Users/student/Google Drive/Coding/Makers/Week4/Bookmark-Manager/spec/setup_test_database.rb": [
        1,
        null,
        1,
        80,
        80,
        null
      ],
      "/Users/student/Google Drive/Coding/Makers/Week4/Bookmark-Manager/spec/bookmark_spec.rb": [
        null,
        1,
        1,
        null,
        null,
        1,
        null,
        3,
        2,
        null,
        1,
        1,
        null,
        1,
        null,
        1,
        1,
        1,
        null,
        1,
        1,
        1,
        1,
        1,
        1,
        null,
        null,
        null,
        1,
        1,
        1,
        1,
        null,
        1,
        1,
        1,
        1,
        null,
        null,
        1,
        1,
        1,
        null,
        null,
        null,
        1,
        1,
        1,
        1,
        null,
        1,
        null,
        null,
        null,
        1,
        1,
        1,
        1,
        null,
        1,
        1,
        1,
        1,
        null,
        null,
        null,
        1,
        1,
        1,
        null,
        1,
        null,
        1,
        1,
        1,
        1,
        null,
        null,
        null,
        1,
        1,
        1,
        1,
        null,
        1,
        null,
        null,
        null,
        1,
        1,
        1,
        1,
        null,
        1,
        null,
        null,
        null,
        1,
        1,
        1,
        1,
        null,
        1,
        null,
        null,
        null,
        null
      ],
      "/Users/student/Google Drive/Coding/Makers/Week4/Bookmark-Manager/spec/database_helpers.rb": [
        1,
        null,
        1,
        4,
        null
      ],
      "/Users/student/Google Drive/Coding/Makers/Week4/Bookmark-Manager/spec/bookmark_tag_spec.rb": [
        1,
        null,
        1,
        1,
        1,
        1,
        1,
        null,
        1,
        null,
        1,
        1,
        1,
        null,
        null,
        null
      ],
      "/Users/student/Google Drive/Coding/Makers/Week4/Bookmark-Manager/spec/comment_spec.rb": [
        1,
        1,
        1,
        null,
        1,
        1,
        1,
        1,
        1,
        null,
        1,
        null,
        1,
        1,
        1,
        1,
        null,
        null,
        null
      ],
      "/Users/student/Google Drive/Coding/Makers/Week4/Bookmark-Manager/spec/database_connection_spec.rb": [
        1,
        null,
        1,
        1,
        1,
        1,
        1,
        null,
        null,
        1,
        1,
        1,
        null,
        null,
        null,
        1,
        1,
        1,
        1,
        1,
        null,
        null,
        null,
        null
      ],
      "/Users/student/Google Drive/Coding/Makers/Week4/Bookmark-Manager/spec/features/adding_and_viewing_comments_spec.rb": [
        1,
        1,
        1,
        1,
        null,
        1,
        1,
        null,
        1,
        null,
        1,
        1,
        null,
        1,
        1,
        null,
        null,
        null
      ],
      "/Users/student/Google Drive/Coding/Makers/Week4/Bookmark-Manager/spec/features/authentication_spec.rb": [
        1,
        1,
        null,
        1,
        null,
        null,
        1,
        1,
        1,
        1,
        null,
        1,
        null,
        null,
        1,
        1,
        null,
        1,
        1,
        1,
        1,
        null,
        1,
        1,
        null,
        null,
        1,
        1,
        null,
        1,
        1,
        1,
        1,
        null,
        1,
        1,
        null,
        null,
        1,
        null,
        1,
        null,
        null,
        1,
        1,
        1,
        1,
        null,
        null,
        1,
        null,
        1,
        1,
        null,
        null,
        null
      ],
      "/Users/student/Google Drive/Coding/Makers/Week4/Bookmark-Manager/spec/features/creating_bookmarks_spec.rb": [
        1,
        1,
        1,
        1,
        1,
        1,
        null,
        1,
        null,
        1,
        1,
        1,
        1,
        1,
        1,
        null,
        null
      ],
      "/Users/student/Google Drive/Coding/Makers/Week4/Bookmark-Manager/spec/features/deleting_a_bookmark_spec.rb": [
        1,
        1,
        1,
        1,
        1,
        null,
        1,
        null,
        1,
        1,
        null,
        null
      ],
      "/Users/student/Google Drive/Coding/Makers/Week4/Bookmark-Manager/spec/features/registration_spec.rb": [
        1,
        1,
        1,
        1,
        1,
        1,
        null,
        1,
        null,
        null
      ],
      "/Users/student/Google Drive/Coding/Makers/Week4/Bookmark-Manager/spec/features/tagging_bookmarks_spec.rb": [
        1,
        1,
        1,
        1,
        null,
        1,
        1,
        null,
        1,
        null,
        1,
        1,
        null,
        1,
        1,
        null,
        null,
        null,
        1,
        1,
        1,
        1,
        1,
        null,
        1,
        null,
        1,
        1,
        null,
        1,
        1,
        null,
        1,
        1,
        null,
        1,
        1,
        null,
        1,
        null,
        1,
        1,
        1,
        null,
        null,
        null
      ],
      "/Users/student/Google Drive/Coding/Makers/Week4/Bookmark-Manager/spec/features/test_spec.rb": [
        1,
        1,
        1,
        1,
        null,
        null
      ],
      "/Users/student/Google Drive/Coding/Makers/Week4/Bookmark-Manager/spec/features/updating_a_bookmark_spec.rb": [
        1,
        1,
        1,
        1,
        1,
        null,
        1,
        1,
        null,
        1,
        1,
        1,
        null,
        1,
        1,
        1,
        null,
        null
      ],
      "/Users/student/Google Drive/Coding/Makers/Week4/Bookmark-Manager/spec/features/view_bookmarks_spec.rb": [
        null,
        1,
        null,
        1,
        1,
        1,
        1,
        1,
        null,
        1,
        null,
        1,
        1,
        1,
        null,
        null
      ],
      "/Users/student/Google Drive/Coding/Makers/Week4/Bookmark-Manager/spec/tag_spec.rb": [
        1,
        1,
        1,
        1,
        null,
        1,
        2,
        1,
        1,
        1,
        1,
        null,
        1,
        null,
        1,
        1,
        1,
        null,
        null,
        1,
        1,
        1,
        1,
        null,
        1,
        null,
        null,
        null,
        null,
        1,
        1,
        1,
        1,
        1,
        1,
        1,
        null,
        1,
        1,
        null,
        1,
        1,
        1,
        1,
        null,
        null,
        1,
        1,
        1,
        null,
        1,
        null,
        1,
        1,
        null,
        null,
        null,
        1,
        1,
        1,
        null,
        1,
        null,
        1,
        null,
        null,
        null
      ],
      "/Users/student/Google Drive/Coding/Makers/Week4/Bookmark-Manager/spec/user_spec.rb": [
        1,
        1,
        null,
        1,
        1,
        1,
        1,
        null,
        1,
        null,
        1,
        1,
        1,
        null,
        null,
        1,
        1,
        null,
        1,
        null,
        null,
        null,
        1,
        1,
        1,
        null,
        1,
        null,
        1,
        1,
        null,
        1,
        1,
        null,
        null,
        null,
        1,
        1,
        1,
        1,
        null,
        1,
        null,
        null,
        1,
        1,
        null,
        1,
        null,
        null,
        1,
        1,
        null,
        1,
        null,
        null,
        null,
        null
      ]
    },
    "timestamp": 1570782558
  }
}
