{
  "RSpec": {
    "coverage": {
      "/Users/student/Google Drive/Coding/Makers/Week4/Bookmark-Manager/spec/bookmark_spec.rb": [
        null,
        1,
        1,
        null,
        1,
        null,
        1,
        1,
        null,
        1,
        null,
        1,
        1,
        1,
        null,
        1,
        1,
        1,
        1,
        1,
        1,
        null,
        null,
        null,
        1,
        1,
        1,
        1,
        null,
        1,
        1,
        1,
        1,
        null,
        null,
        null,
        null
      ],
      "/Users/student/Google Drive/Coding/Makers/Week4/Bookmark-Manager/spec/database_helpers.rb": [
        1,
        null,
        1,
        1,
        1,
        null
      ],
      "/Users/student/Google Drive/Coding/Makers/Week4/Bookmark-Manager/spec/features/creating_bookmarks_spec.rb": [
        1,
        1,
        1,
        1,
        1,
        1,
        null,
        1,
        null,
        null
      ],
      "/Users/student/Google Drive/Coding/Makers/Week4/Bookmark-Manager/spec/features/test_spec.rb": [
        1,
        1,
        1,
        1,
        null,
        null
      ],
      "/Users/student/Google Drive/Coding/Makers/Week4/Bookmark-Manager/spec/features/view_bookmarks_spec.rb": [
        null,
        1,
        null,
        1,
        1,
        1,
        1,
        1,
        null,
        1,
        null,
        1,
        1,
        1,
        null,
        null
      ]
    },
    "timestamp": 1570528358
  }
}
